This is pdfTeX, Version 3.1415926-1.40.10 (TeX Live 2009/Debian) (format=pdflatex 2012.9.4)  14 OCT 2013 11:34
entering extended mode
 %&-line parsing enabled.
**GeorgiaVlachou.tex
(./GeorgiaVlachou.tex
LaTeX2e <2009/09/24>
Babel <v3.8l> and hyphenation patterns for english, usenglishmax, dumylang, noh
yphenation, ibycus, monogreek, greek, ancientgreek, loaded.
(/usr/share/texmf-texlive/tex/latex/moderncv/moderncv.cls
Document Class: moderncv 2008/06/17 v0.7 modern curriculum vitae document class

(/usr/share/texmf-texlive/tex/latex/base/size11.clo
File: size11.clo 2007/10/19 v1.4h Standard LaTeX file (size option)
)
(/usr/share/texmf-texlive/tex/latex/base/ifthen.sty
Package: ifthen 2001/05/26 v1.1c Standard LaTeX ifthen package (DPC)
)
(/usr/share/texmf-texlive/tex/generic/oberdiek/ifpdf.sty
Package: ifpdf 2009/04/10 v2.0 Provides the ifpdf switch (HO)
Package ifpdf Info: pdfTeX in pdf mode detected.
)
(/usr/share/texmf-texlive/tex/latex/graphics/color.sty
Package: color 2005/11/14 v1.0j Standard LaTeX Color (DPC)

(/etc/texmf/tex/latex/config/color.cfg
File: color.cfg 2007/01/18 v1.5 color configuration of teTeX/TeXLive
)
Package color Info: Driver file: pdftex.def on input line 130.

(/usr/share/texmf-texlive/tex/latex/pdftex-def/pdftex.def
File: pdftex.def 2010/03/12 v0.04p Graphics/color for pdfTeX
\Gread@gobject=\count79
))
(/usr/share/texmf-texlive/tex/latex/base/fontenc.sty
Package: fontenc 2005/09/27 v1.99g Standard LaTeX package

(/usr/share/texmf-texlive/tex/latex/base/t1enc.def
File: t1enc.def 2005/09/27 v1.99g Standard LaTeX file
LaTeX Font Info:    Redeclaring font encoding T1 on input line 43.
))
(/usr/share/texmf-texlive/tex/latex/marvosym/marvosym.sty
Package: marvosym 2006/05/11 v2.1 Martin Vogel's Symbols font definitions
)
(/usr/share/texmf-texlive/tex/latex/ltxmisc/url.sty
\Urlmuskip=\muskip10
Package: url 2006/04/12  ver 3.3  Verb mode for urls, etc.
)
(/usr/share/texmf-texlive/tex/latex/hyperref/hyperref.sty
Package: hyperref 2009/10/09 v6.79a Hypertext links for LaTeX

(/usr/share/texmf-texlive/tex/latex/graphics/keyval.sty
Package: keyval 1999/03/16 v1.13 key=value parser (DPC)
\KV@toks@=\toks14
)
(/usr/share/texmf-texlive/tex/generic/oberdiek/ifvtex.sty
Package: ifvtex 2008/11/04 v1.4 Switches for detecting VTeX and its modes (HO)
Package ifvtex Info: VTeX not detected.
)
(/usr/share/texmf-texlive/tex/generic/ifxetex/ifxetex.sty
Package: ifxetex 2009/01/23 v0.5 Provides ifxetex conditional
)
(/usr/share/texmf-texlive/tex/latex/oberdiek/hycolor.sty
Package: hycolor 2009/10/02 v1.5 Code for color options of hyperref/bookmark (H
O)

(/usr/share/texmf-texlive/tex/latex/oberdiek/xcolor-patch.sty
Package: xcolor-patch 2009/10/02 xcolor patch
))
\@linkdim=\dimen102
\Hy@linkcounter=\count80
\Hy@pagecounter=\count81

(/usr/share/texmf-texlive/tex/latex/hyperref/pd1enc.def
File: pd1enc.def 2009/10/09 v6.79a Hyperref: PDFDocEncoding definition (HO)
)
(/usr/share/texmf-texlive/tex/generic/oberdiek/etexcmds.sty
Package: etexcmds 2007/12/12 v1.2 Prefix for e-TeX command names (HO)

(/usr/share/texmf-texlive/tex/generic/oberdiek/infwarerr.sty
Package: infwarerr 2007/09/09 v1.2 Providing info/warning/message (HO)
)
Package etexcmds Info: Could not find \expanded.
(etexcmds)             That can mean that you are not using pdfTeX 1.50 or
(etexcmds)             that some package has redefined \expanded.
(etexcmds)             In the latter case, load this package earlier.
)
(/usr/share/texmf-texlive/tex/latex/latexconfig/hyperref.cfg
File: hyperref.cfg 2002/06/06 v1.2 hyperref configuration of TeXLive
)
(/usr/share/texmf-texlive/tex/latex/oberdiek/kvoptions.sty
Package: kvoptions 2009/08/13 v3.4 Keyval support for LaTeX options (HO)

(/usr/share/texmf-texlive/tex/generic/oberdiek/kvsetkeys.sty
Package: kvsetkeys 2009/07/30 v1.5 Key value parser with default handler suppor
t (HO)
))
Package hyperref Info: Hyper figures OFF on input line 2975.
Package hyperref Info: Link nesting OFF on input line 2980.
Package hyperref Info: Hyper index ON on input line 2983.
Package hyperref Info: Plain pages OFF on input line 2990.
Package hyperref Info: Backreferencing OFF on input line 2995.

Implicit mode ON; LaTeX internals redefined
Package hyperref Info: Bookmarks ON on input line 3191.
LaTeX Info: Redefining \url on input line 3428.
(/usr/share/texmf-texlive/tex/generic/oberdiek/bitset.sty
Package: bitset 2007/09/28 v1.0 Data type bit set (HO)

(/usr/share/texmf-texlive/tex/generic/oberdiek/intcalc.sty
Package: intcalc 2007/09/27 v1.1 Expandable integer calculations (HO)
)
(/usr/share/texmf-texlive/tex/generic/oberdiek/bigintcalc.sty
Package: bigintcalc 2007/11/11 v1.1 Expandable big integer calculations (HO)

(/usr/share/texmf-texlive/tex/generic/oberdiek/pdftexcmds.sty
Package: pdftexcmds 2009/09/23 v0.6 LuaTeX support for pdfTeX utility functions
 (HO)

(/usr/share/texmf-texlive/tex/generic/oberdiek/ifluatex.sty
Package: ifluatex 2009/04/17 v1.2 Provides the ifluatex switch (HO)
Package ifluatex Info: LuaTeX not detected.
)
(/usr/share/texmf-texlive/tex/generic/oberdiek/ltxcmds.sty
Package: ltxcmds 2009/08/05 v1.0 Some LaTeX kernel commands for general use (HO
)
)
Package pdftexcmds Info: LuaTeX not detected.
Package pdftexcmds Info: \pdf@primitive is available.
Package pdftexcmds Info: \pdf@ifprimitive is available.
)))
\Fld@menulength=\count82
\Field@Width=\dimen103
\Fld@charsize=\dimen104
\Field@toks=\toks15
Package hyperref Info: Hyper figures OFF on input line 4377.
Package hyperref Info: Link nesting OFF on input line 4382.
Package hyperref Info: Hyper index ON on input line 4385.
Package hyperref Info: backreferencing OFF on input line 4392.
Package hyperref Info: Link coloring OFF on input line 4397.
Package hyperref Info: Link coloring with OCG OFF on input line 4402.
Package hyperref Info: PDF/A mode OFF on input line 4407.

(/usr/share/texmf-texlive/tex/generic/oberdiek/atbegshi.sty
Package: atbegshi 2008/07/31 v1.9 At begin shipout hook (HO)
)

Package hyperref Warning: Option `pdfpagelabels' is turned off
(hyperref)                because \thepage is undefined.

\c@Item=\count83
\c@Hfootnote=\count84
)
*hyperref using driver hpdftex*
(/usr/share/texmf-texlive/tex/latex/hyperref/hpdftex.def
File: hpdftex.def 2009/10/09 v6.79a Hyperref driver for pdfTeX
\Fld@listcount=\count85
)
Package hyperref Info: Option `breaklinks' set `true' on input line 134.

(/usr/share/texmf-texlive/tex/latex/graphics/graphicx.sty
Package: graphicx 1999/02/16 v1.0f Enhanced LaTeX Graphics (DPC,SPQR)

(/usr/share/texmf-texlive/tex/latex/graphics/graphics.sty
Package: graphics 2009/02/05 v1.0o Standard LaTeX Graphics (DPC,SPQR)

(/usr/share/texmf-texlive/tex/latex/graphics/trig.sty
Package: trig 1999/03/16 v1.09 sin cos tan (DPC)
)
(/etc/texmf/tex/latex/config/graphics.cfg
File: graphics.cfg 2009/08/28 v1.8 graphics configuration of TeX Live
)
Package graphics Info: Driver file: pdftex.def on input line 91.
)
\Gin@req@height=\dimen105
\Gin@req@width=\dimen106
)
(/usr/share/texmf-texlive/tex/latex/fancyhdr/fancyhdr.sty
\fancy@headwidth=\skip41
\f@ncyO@elh=\skip42
\f@ncyO@erh=\skip43
\f@ncyO@olh=\skip44
\f@ncyO@orh=\skip45
\f@ncyO@elf=\skip46
\f@ncyO@erf=\skip47
\f@ncyO@olf=\skip48
\f@ncyO@orf=\skip49
)
(/usr/share/texmf-texlive/tex/latex/moderncv/moderncvcompatibility.sty
Package: moderncvcompatibility 2008/06/17 v0.7 modern curriculum vitae compatib
ility patches
)
\quotewidth=\skip50
\hintscolumnwidth=\skip51
\separatorcolumnwidth=\skip52
\maincolumnwidth=\skip53
\doubleitemmaincolumnwidth=\skip54
\listitemsymbolwidth=\skip55
LaTeX Font Info:    Try loading font information for OMS+cmr on input line 257.


(/usr/share/texmf-texlive/tex/latex/base/omscmr.fd
File: omscmr.fd 1999/05/25 v2.5h Standard LaTeX font definitions
)
LaTeX Font Info:    Font shape `OMS/cmr/m/n' in size <10.95> not available
(Font)              Font shape `OMS/cmsy/m/n' tried instead on input line 257.
\listitemmaincolumnwidth=\skip56
\listdoubleitemmaincolumnwidth=\skip57
\bibindent=\skip58
)
(/usr/share/texmf/tex/latex/lm/lmodern.sty
Package: lmodern 2009/10/30 v1.6 Latin Modern Fonts
LaTeX Font Info:    Overwriting symbol font `operators' in version `normal'
(Font)                  OT1/cmr/m/n --> OT1/lmr/m/n on input line 22.
LaTeX Font Info:    Overwriting symbol font `letters' in version `normal'
(Font)                  OML/cmm/m/it --> OML/lmm/m/it on input line 23.
LaTeX Font Info:    Overwriting symbol font `symbols' in version `normal'
(Font)                  OMS/cmsy/m/n --> OMS/lmsy/m/n on input line 24.
LaTeX Font Info:    Overwriting symbol font `largesymbols' in version `normal'
(Font)                  OMX/cmex/m/n --> OMX/lmex/m/n on input line 25.
LaTeX Font Info:    Overwriting symbol font `operators' in version `bold'
(Font)                  OT1/cmr/bx/n --> OT1/lmr/bx/n on input line 26.
LaTeX Font Info:    Overwriting symbol font `letters' in version `bold'
(Font)                  OML/cmm/b/it --> OML/lmm/b/it on input line 27.
LaTeX Font Info:    Overwriting symbol font `symbols' in version `bold'
(Font)                  OMS/cmsy/b/n --> OMS/lmsy/b/n on input line 28.
LaTeX Font Info:    Overwriting symbol font `largesymbols' in version `bold'
(Font)                  OMX/cmex/m/n --> OMX/lmex/m/n on input line 29.
LaTeX Font Info:    Overwriting math alphabet `\mathbf' in version `normal'
(Font)                  OT1/cmr/bx/n --> OT1/lmr/bx/n on input line 31.
LaTeX Font Info:    Overwriting math alphabet `\mathsf' in version `normal'
(Font)                  OT1/cmss/m/n --> OT1/lmss/m/n on input line 32.
LaTeX Font Info:    Overwriting math alphabet `\mathit' in version `normal'
(Font)                  OT1/cmr/m/it --> OT1/lmr/m/it on input line 33.
LaTeX Font Info:    Overwriting math alphabet `\mathtt' in version `normal'
(Font)                  OT1/cmtt/m/n --> OT1/lmtt/m/n on input line 34.
LaTeX Font Info:    Overwriting math alphabet `\mathbf' in version `bold'
(Font)                  OT1/cmr/bx/n --> OT1/lmr/bx/n on input line 35.
LaTeX Font Info:    Overwriting math alphabet `\mathsf' in version `bold'
(Font)                  OT1/cmss/bx/n --> OT1/lmss/bx/n on input line 36.
LaTeX Font Info:    Overwriting math alphabet `\mathit' in version `bold'
(Font)                  OT1/cmr/bx/it --> OT1/lmr/bx/it on input line 37.
LaTeX Font Info:    Overwriting math alphabet `\mathtt' in version `bold'
(Font)                  OT1/cmtt/m/n --> OT1/lmtt/m/n on input line 38.
)
(/usr/share/texmf-texlive/tex/latex/graphics/epsfig.sty
Package: epsfig 1999/02/16 v1.7a (e)psfig emulation (SPQR)
\epsfxsize=\dimen107
\epsfysize=\dimen108
)
(/usr/share/texmf-texlive/tex/latex/rotating/rotating.sty
Package: rotating 2009/03/28 v2.16a rotated objects in LaTeX
\c@r@tfl@t=\count86
\rotFPtop=\skip59
\rotFPbot=\skip60
\rot@float@box=\box26
\rot@mess@toks=\toks16
)
(/usr/share/texmf-texlive/tex/latex/ucs/ucs.sty
Package: ucs 2004/10/17 UCS: Unicode input support

(/usr/share/texmf-texlive/tex/latex/ucs/data/uni-global.def
File: uni-global.def 2004/10/17 UCS: Unicode global data
)
\uc@secondtry=\count87
\uc@combtoks=\toks17
\uc@combtoksb=\toks18
\uc@temptokena=\toks19
)
(/usr/share/texmf-texlive/tex/generic/babel/babel.sty
Package: babel 2008/07/06 v3.8l The Babel package

(/usr/share/texmf-texlive/tex/generic/babel/english.ldf
Language: english 2005/03/30 v3.3o English support from the babel system

(/usr/share/texmf-texlive/tex/generic/babel/babel.def
File: babel.def 2008/07/06 v3.8l Babel common definitions
\babel@savecnt=\count88
\U@D=\dimen109
)
\l@british = a dialect from \language\l@english 
\l@UKenglish = a dialect from \language\l@english 
\l@canadian = a dialect from \language\l@american 
\l@australian = a dialect from \language\l@british 
\l@newzealand = a dialect from \language\l@british 
)
(/usr/share/texmf-texlive/tex/generic/babel/greek.ldf
Language: greek 2005/03/30 v1.3l Greek support from the babel system

Loading the definitions for the Greek font encoding
(/usr/share/texmf-texlive/tex/generic/babel/lgrenc.def
File: lgrenc.def 2008/06/17 v2.3 Greek Encoding
)))
(/usr/share/texmf-texlive/tex/latex/base/inputenc.sty
Package: inputenc 2008/03/30 v1.1d Input encoding file
\inpenc@prehook=\toks20
\inpenc@posthook=\toks21

(/usr/share/texmf-texlive/tex/latex/ucs/utf8x.def
File: utf8x.def 2004/10/17 UCS: Input encoding UTF-8
))
(/usr/share/texmf-texlive/tex/latex/overpic/overpic.sty
Package: overpic 1999/07/04 v0.52  Overwriting eps pictures

Package: overpic v0.52 <1999/07/04> (RN)
(/usr/share/texmf-texlive/tex/latex/eepic/epic.sty
Enhancements to Picture Environment. Version 1.2 - Released June 1, 1986
\@@multicnt=\count89
\d@lta=\count90
\@delta=\dimen110
\@@delta=\dimen111
\@gridcnt=\count91
\@joinkind=\count92
\@dotgap=\dimen112
\@ddotgap=\dimen113
\@x@diff=\count93
\@y@diff=\count94
\x@diff=\dimen114
\y@diff=\dimen115
\@dotbox=\box27
\num@segments=\count95
\num@segmentsi=\count96
\@datafile=\read1
)
overpic: relative positioning in percent
) (/usr/share/texmf-texlive/tex/latex/geometry/geometry.sty
Package: geometry 2008/12/21 v4.2 Page Geometry
\Gm@cnth=\count97
\Gm@cntv=\count98
\c@Gm@tempcnt=\count99
\Gm@bindingoffset=\dimen116
\Gm@wd@mp=\dimen117
\Gm@odd@mp=\dimen118
\Gm@even@mp=\dimen119
\Gm@dimlist=\toks22

(/usr/share/texmf-texlive/tex/xelatex/xetexconfig/geometry.cfg))
LaTeX Font Info:    Try loading font information for LGR+cmr on input line 30.

(/usr/share/texmf-texlive/tex/latex/cbfonts/lgrcmr.fd
File: lgrcmr.fd 2008/01/04 v1.0 Greek Computer Modern
) (./GeorgiaVlachou.aux)
\openout1 = `GeorgiaVlachou.aux'.

LaTeX Font Info:    Checking defaults for OML/cmm/m/it on input line 59.
LaTeX Font Info:    ... okay on input line 59.
LaTeX Font Info:    Checking defaults for T1/cmr/m/n on input line 59.
LaTeX Font Info:    ... okay on input line 59.
LaTeX Font Info:    Checking defaults for OT1/cmr/m/n on input line 59.
LaTeX Font Info:    ... okay on input line 59.
LaTeX Font Info:    Checking defaults for OMS/cmsy/m/n on input line 59.
LaTeX Font Info:    ... okay on input line 59.
LaTeX Font Info:    Checking defaults for OMX/cmex/m/n on input line 59.
LaTeX Font Info:    ... okay on input line 59.
LaTeX Font Info:    Checking defaults for U/cmr/m/n on input line 59.
LaTeX Font Info:    ... okay on input line 59.
LaTeX Font Info:    Checking defaults for PD1/pdf/m/n on input line 59.
LaTeX Font Info:    ... okay on input line 59.
LaTeX Font Info:    Checking defaults for LGR/cmr/m/n on input line 59.
LaTeX Font Info:    ... okay on input line 59.
LaTeX Font Info:    Try loading font information for LGR+lmr on input line 59.

(/usr/share/texmf-texlive/tex/latex/cbfonts/lgrlmr.fd
File: lgrlmr.fd 2008/01/02 v1.0 Greek Computer Modern
)
(/usr/share/texmf-texlive/tex/context/base/supp-pdf.mkii
[Loading MPS to PDF converter (version 2006.09.02).]
\scratchcounter=\count100
\scratchdimen=\dimen120
\scratchbox=\box28
\nofMPsegments=\count101
\nofMParguments=\count102
\everyMPshowfont=\toks23
\MPscratchCnt=\count103
\MPscratchDim=\dimen121
\MPnumerator=\count104
\everyMPtoPDFconversion=\toks24
)
Package hyperref Info: Link coloring OFF on input line 59.
 (/usr/share/texmf-texlive/tex/latex/hyperref/nameref.sty
Package: nameref 2007/05/29 v2.31 Cross-referencing by name of section

(/usr/share/texmf-texlive/tex/latex/oberdiek/refcount.sty
Package: refcount 2008/08/11 v3.1 Data extraction from references (HO)
)
\c@section@level=\count105
)
LaTeX Info: Redefining \ref on input line 59.
LaTeX Info: Redefining \pageref on input line 59.

(./GeorgiaVlachou.out) (./GeorgiaVlachou.out)
\@outlinefile=\write3
\openout3 = `GeorgiaVlachou.out'.

\AtBeginShipoutBox=\box29

(/usr/share/texmf-texlive/tex/latex/moderncv/moderncvthemecasual.sty
Package: moderncvthemecasual 2008/06/17 v0.7 modern curriculum vitae style: cas
ual


Package moderncvthemecasual Warning: Unknown option \begingroup \let \relax \re
lax \endgroup [Pleaseinsert\PrerenderUnicode{‘}intopreamble]purple\begingroup
 \let \relax \relax \endgroup [Pleaseinsert\PrerenderUnicode{’}intopreamble] 
on input line 52.

Package color Info: Redefining color firstnamecolor on input line 62.
Package color Info: Redefining color familynamecolor on input line 63.
Package color Info: Redefining color quotecolor on input line 64.
Package color Info: Redefining color addresscolor on input line 65.
Package color Info: Redefining color sectionrectanglecolor on input line 67.
Package color Info: Redefining color sectiontitlecolor on input line 68.
Package color Info: Redefining color subsectioncolor on input line 69.
LaTeX Font Info:    Try loading font information for LGR+lmss on input line 96.

(/usr/share/texmf-texlive/tex/latex/cbfonts/lgrlmss.fd
File: lgrlmss.fd 2008/01/02 v1.0 Greek Computer Modern Sans Serif
))

Package hyperref Warning: Token not allowed in a PDF string (PDFDocEncoding):
(hyperref)                removing `\begingroup' on input line 59.


Package hyperref Warning: Token not allowed in a PDF string (PDFDocEncoding):
(hyperref)                removing `\<let>-command' on input line 59.


Package hyperref Warning: Token not allowed in a PDF string (PDFDocEncoding):
(hyperref)                removing `\utf@viii@undeferr' on input line 59.


Package hyperref Warning: Token not allowed in a PDF string (PDFDocEncoding):
(hyperref)                removing `\endgroup' on input line 59.


Package hyperref Warning: Token not allowed in a PDF string (PDFDocEncoding):
(hyperref)                removing `\begingroup' on input line 59.


Package hyperref Warning: Token not allowed in a PDF string (PDFDocEncoding):
(hyperref)                removing `\<let>-command' on input line 59.


Package hyperref Warning: Token not allowed in a PDF string (PDFDocEncoding):
(hyperref)                removing `\utf@viii@undeferr' on input line 59.


Package hyperref Warning: Token not allowed in a PDF string (PDFDocEncoding):
(hyperref)                removing `\endgroup' on input line 59.


Package hyperref Warning: Token not allowed in a PDF string (PDFDocEncoding):
(hyperref)                removing `\begingroup' on input line 59.


Package hyperref Warning: Token not allowed in a PDF string (PDFDocEncoding):
(hyperref)                removing `\<let>-command' on input line 59.


Package hyperref Warning: Token not allowed in a PDF string (PDFDocEncoding):
(hyperref)                removing `\utf@viii@undeferr' on input line 59.


Package hyperref Warning: Token not allowed in a PDF string (PDFDocEncoding):
(hyperref)                removing `\endgroup' on input line 59.


Package hyperref Warning: Token not allowed in a PDF string (PDFDocEncoding):
(hyperref)                removing `\begingroup' on input line 59.


Package hyperref Warning: Token not allowed in a PDF string (PDFDocEncoding):
(hyperref)                removing `\<let>-command' on input line 59.


Package hyperref Warning: Token not allowed in a PDF string (PDFDocEncoding):
(hyperref)                removing `\utf@viii@undeferr' on input line 59.


Package hyperref Warning: Token not allowed in a PDF string (PDFDocEncoding):
(hyperref)                removing `\endgroup' on input line 59.


Package hyperref Warning: Token not allowed in a PDF string (PDFDocEncoding):
(hyperref)                removing `\begingroup' on input line 59.


Package hyperref Warning: Token not allowed in a PDF string (PDFDocEncoding):
(hyperref)                removing `\<let>-command' on input line 59.


Package hyperref Warning: Token not allowed in a PDF string (PDFDocEncoding):
(hyperref)                removing `\utf@viii@undeferr' on input line 59.


Package hyperref Warning: Token not allowed in a PDF string (PDFDocEncoding):
(hyperref)                removing `\endgroup' on input line 59.


Package hyperref Warning: Token not allowed in a PDF string (PDFDocEncoding):
(hyperref)                removing `\begingroup' on input line 59.


Package hyperref Warning: Token not allowed in a PDF string (PDFDocEncoding):
(hyperref)                removing `\<let>-command' on input line 59.


Package hyperref Warning: Token not allowed in a PDF string (PDFDocEncoding):
(hyperref)                removing `\utf@viii@undeferr' on input line 59.


Package hyperref Warning: Token not allowed in a PDF string (PDFDocEncoding):
(hyperref)                removing `\endgroup' on input line 59.


Package hyperref Warning: Token not allowed in a PDF string (PDFDocEncoding):
(hyperref)                removing `\begingroup' on input line 59.


Package hyperref Warning: Token not allowed in a PDF string (PDFDocEncoding):
(hyperref)                removing `\<let>-command' on input line 59.


Package hyperref Warning: Token not allowed in a PDF string (PDFDocEncoding):
(hyperref)                removing `\utf@viii@undeferr' on input line 59.


Package hyperref Warning: Token not allowed in a PDF string (PDFDocEncoding):
(hyperref)                removing `\endgroup' on input line 59.


Package hyperref Warning: Token not allowed in a PDF string (PDFDocEncoding):
(hyperref)                removing `\begingroup' on input line 59.


Package hyperref Warning: Token not allowed in a PDF string (PDFDocEncoding):
(hyperref)                removing `\<let>-command' on input line 59.


Package hyperref Warning: Token not allowed in a PDF string (PDFDocEncoding):
(hyperref)                removing `\utf@viii@undeferr' on input line 59.


Package hyperref Warning: Token not allowed in a PDF string (PDFDocEncoding):
(hyperref)                removing `\endgroup' on input line 59.


Package hyperref Warning: Token not allowed in a PDF string (PDFDocEncoding):
(hyperref)                removing `\begingroup' on input line 59.


Package hyperref Warning: Token not allowed in a PDF string (PDFDocEncoding):
(hyperref)                removing `\<let>-command' on input line 59.


Package hyperref Warning: Token not allowed in a PDF string (PDFDocEncoding):
(hyperref)                removing `\utf@viii@undeferr' on input line 59.


Package hyperref Warning: Token not allowed in a PDF string (PDFDocEncoding):
(hyperref)                removing `\endgroup' on input line 59.


Package hyperref Warning: Token not allowed in a PDF string (PDFDocEncoding):
(hyperref)                removing `\begingroup' on input line 59.


Package hyperref Warning: Token not allowed in a PDF string (PDFDocEncoding):
(hyperref)                removing `\<let>-command' on input line 59.


Package hyperref Warning: Token not allowed in a PDF string (PDFDocEncoding):
(hyperref)                removing `\utf@viii@undeferr' on input line 59.


Package hyperref Warning: Token not allowed in a PDF string (PDFDocEncoding):
(hyperref)                removing `\endgroup' on input line 59.


Package hyperref Warning: Token not allowed in a PDF string (PDFDocEncoding):
(hyperref)                removing `\begingroup' on input line 59.


Package hyperref Warning: Token not allowed in a PDF string (PDFDocEncoding):
(hyperref)                removing `\<let>-command' on input line 59.


Package hyperref Warning: Token not allowed in a PDF string (PDFDocEncoding):
(hyperref)                removing `\utf@viii@undeferr' on input line 59.


Package hyperref Warning: Token not allowed in a PDF string (PDFDocEncoding):
(hyperref)                removing `\endgroup' on input line 59.


Package hyperref Warning: Token not allowed in a PDF string (PDFDocEncoding):
(hyperref)                removing `\begingroup' on input line 59.


Package hyperref Warning: Token not allowed in a PDF string (PDFDocEncoding):
(hyperref)                removing `\<let>-command' on input line 59.


Package hyperref Warning: Token not allowed in a PDF string (PDFDocEncoding):
(hyperref)                removing `\utf@viii@undeferr' on input line 59.


Package hyperref Warning: Token not allowed in a PDF string (PDFDocEncoding):
(hyperref)                removing `\endgroup' on input line 59.


Package hyperref Warning: Token not allowed in a PDF string (PDFDocEncoding):
(hyperref)                removing `\begingroup' on input line 59.


Package hyperref Warning: Token not allowed in a PDF string (PDFDocEncoding):
(hyperref)                removing `\<let>-command' on input line 59.


Package hyperref Warning: Token not allowed in a PDF string (PDFDocEncoding):
(hyperref)                removing `\utf@viii@undeferr' on input line 59.


Package hyperref Warning: Token not allowed in a PDF string (PDFDocEncoding):
(hyperref)                removing `\endgroup' on input line 59.


Package hyperref Warning: Token not allowed in a PDF string (PDFDocEncoding):
(hyperref)                removing `\begingroup' on input line 59.


Package hyperref Warning: Token not allowed in a PDF string (PDFDocEncoding):
(hyperref)                removing `\<let>-command' on input line 59.


Package hyperref Warning: Token not allowed in a PDF string (PDFDocEncoding):
(hyperref)                removing `\utf@viii@undeferr' on input line 59.


Package hyperref Warning: Token not allowed in a PDF string (PDFDocEncoding):
(hyperref)                removing `\endgroup' on input line 59.


Package hyperref Warning: Token not allowed in a PDF string (PDFDocEncoding):
(hyperref)                removing `\begingroup' on input line 59.


Package hyperref Warning: Token not allowed in a PDF string (PDFDocEncoding):
(hyperref)                removing `\<let>-command' on input line 59.


Package hyperref Warning: Token not allowed in a PDF string (PDFDocEncoding):
(hyperref)                removing `\utf@viii@undeferr' on input line 59.


Package hyperref Warning: Token not allowed in a PDF string (PDFDocEncoding):
(hyperref)                removing `\endgroup' on input line 59.


Package hyperref Warning: Token not allowed in a PDF string (PDFDocEncoding):
(hyperref)                removing `\begingroup' on input line 59.


Package hyperref Warning: Token not allowed in a PDF string (PDFDocEncoding):
(hyperref)                removing `\<let>-command' on input line 59.


Package hyperref Warning: Token not allowed in a PDF string (PDFDocEncoding):
(hyperref)                removing `\utf@viii@undeferr' on input line 59.


Package hyperref Warning: Token not allowed in a PDF string (PDFDocEncoding):
(hyperref)                removing `\endgroup' on input line 59.


Package hyperref Warning: Token not allowed in a PDF string (PDFDocEncoding):
(hyperref)                removing `\begingroup' on input line 59.


Package hyperref Warning: Token not allowed in a PDF string (PDFDocEncoding):
(hyperref)                removing `\<let>-command' on input line 59.


Package hyperref Warning: Token not allowed in a PDF string (PDFDocEncoding):
(hyperref)                removing `\utf@viii@undeferr' on input line 59.


Package hyperref Warning: Token not allowed in a PDF string (PDFDocEncoding):
(hyperref)                removing `\endgroup' on input line 59.


Package hyperref Warning: Token not allowed in a PDF string (PDFDocEncoding):
(hyperref)                removing `\begingroup' on input line 59.


Package hyperref Warning: Token not allowed in a PDF string (PDFDocEncoding):
(hyperref)                removing `\<let>-command' on input line 59.


Package hyperref Warning: Token not allowed in a PDF string (PDFDocEncoding):
(hyperref)                removing `\utf@viii@undeferr' on input line 59.


Package hyperref Warning: Token not allowed in a PDF string (PDFDocEncoding):
(hyperref)                removing `\endgroup' on input line 59.


Package hyperref Warning: Token not allowed in a PDF string (PDFDocEncoding):
(hyperref)                removing `\begingroup' on input line 59.


Package hyperref Warning: Token not allowed in a PDF string (PDFDocEncoding):
(hyperref)                removing `\<let>-command' on input line 59.


Package hyperref Warning: Token not allowed in a PDF string (PDFDocEncoding):
(hyperref)                removing `\utf@viii@undeferr' on input line 59.


Package hyperref Warning: Token not allowed in a PDF string (PDFDocEncoding):
(hyperref)                removing `\endgroup' on input line 59.


Package hyperref Warning: Token not allowed in a PDF string (PDFDocEncoding):
(hyperref)                removing `\begingroup' on input line 59.


Package hyperref Warning: Token not allowed in a PDF string (PDFDocEncoding):
(hyperref)                removing `\<let>-command' on input line 59.


Package hyperref Warning: Token not allowed in a PDF string (PDFDocEncoding):
(hyperref)                removing `\utf@viii@undeferr' on input line 59.


Package hyperref Warning: Token not allowed in a PDF string (PDFDocEncoding):
(hyperref)                removing `\endgroup' on input line 59.


Package hyperref Warning: Token not allowed in a PDF string (PDFDocEncoding):
(hyperref)                removing `\begingroup' on input line 59.


Package hyperref Warning: Token not allowed in a PDF string (PDFDocEncoding):
(hyperref)                removing `\<let>-command' on input line 59.


Package hyperref Warning: Token not allowed in a PDF string (PDFDocEncoding):
(hyperref)                removing `\utf@viii@undeferr' on input line 59.


Package hyperref Warning: Token not allowed in a PDF string (PDFDocEncoding):
(hyperref)                removing `\endgroup' on input line 59.


Package hyperref Warning: Token not allowed in a PDF string (PDFDocEncoding):
(hyperref)                removing `\begingroup' on input line 59.


Package hyperref Warning: Token not allowed in a PDF string (PDFDocEncoding):
(hyperref)                removing `\<let>-command' on input line 59.


Package hyperref Warning: Token not allowed in a PDF string (PDFDocEncoding):
(hyperref)                removing `\utf@viii@undeferr' on input line 59.


Package hyperref Warning: Token not allowed in a PDF string (PDFDocEncoding):
(hyperref)                removing `\endgroup' on input line 59.


Package hyperref Warning: Token not allowed in a PDF string (PDFDocEncoding):
(hyperref)                removing `\begingroup' on input line 59.


Package hyperref Warning: Token not allowed in a PDF string (PDFDocEncoding):
(hyperref)                removing `\<let>-command' on input line 59.


Package hyperref Warning: Token not allowed in a PDF string (PDFDocEncoding):
(hyperref)                removing `\utf@viii@undeferr' on input line 59.


Package hyperref Warning: Token not allowed in a PDF string (PDFDocEncoding):
(hyperref)                removing `\endgroup' on input line 59.


Package hyperref Warning: Token not allowed in a PDF string (PDFDocEncoding):
(hyperref)                removing `\begingroup' on input line 59.


Package hyperref Warning: Token not allowed in a PDF string (PDFDocEncoding):
(hyperref)                removing `\<let>-command' on input line 59.


Package hyperref Warning: Token not allowed in a PDF string (PDFDocEncoding):
(hyperref)                removing `\utf@viii@undeferr' on input line 59.


Package hyperref Warning: Token not allowed in a PDF string (PDFDocEncoding):
(hyperref)                removing `\endgroup' on input line 59.


Package hyperref Warning: Token not allowed in a PDF string (PDFDocEncoding):
(hyperref)                removing `\begingroup' on input line 59.


Package hyperref Warning: Token not allowed in a PDF string (PDFDocEncoding):
(hyperref)                removing `\<let>-command' on input line 59.


Package hyperref Warning: Token not allowed in a PDF string (PDFDocEncoding):
(hyperref)                removing `\utf@viii@undeferr' on input line 59.


Package hyperref Warning: Token not allowed in a PDF string (PDFDocEncoding):
(hyperref)                removing `\endgroup' on input line 59.


Package hyperref Warning: Token not allowed in a PDF string (PDFDocEncoding):
(hyperref)                removing `\begingroup' on input line 59.


Package hyperref Warning: Token not allowed in a PDF string (PDFDocEncoding):
(hyperref)                removing `\<let>-command' on input line 59.


Package hyperref Warning: Token not allowed in a PDF string (PDFDocEncoding):
(hyperref)                removing `\utf@viii@undeferr' on input line 59.


Package hyperref Warning: Token not allowed in a PDF string (PDFDocEncoding):
(hyperref)                removing `\endgroup' on input line 59.


Package hyperref Warning: Token not allowed in a PDF string (PDFDocEncoding):
(hyperref)                removing `\begingroup' on input line 59.


Package hyperref Warning: Token not allowed in a PDF string (PDFDocEncoding):
(hyperref)                removing `\<let>-command' on input line 59.


Package hyperref Warning: Token not allowed in a PDF string (PDFDocEncoding):
(hyperref)                removing `\utf@viii@undeferr' on input line 59.


Package hyperref Warning: Token not allowed in a PDF string (PDFDocEncoding):
(hyperref)                removing `\endgroup' on input line 59.


Package hyperref Warning: Token not allowed in a PDF string (PDFDocEncoding):
(hyperref)                removing `\begingroup' on input line 59.


Package hyperref Warning: Token not allowed in a PDF string (PDFDocEncoding):
(hyperref)                removing `\<let>-command' on input line 59.


Package hyperref Warning: Token not allowed in a PDF string (PDFDocEncoding):
(hyperref)                removing `\utf@viii@undeferr' on input line 59.


Package hyperref Warning: Token not allowed in a PDF string (PDFDocEncoding):
(hyperref)                removing `\endgroup' on input line 59.


Package hyperref Warning: Token not allowed in a PDF string (PDFDocEncoding):
(hyperref)                removing `\begingroup' on input line 59.


Package hyperref Warning: Token not allowed in a PDF string (PDFDocEncoding):
(hyperref)                removing `\<let>-command' on input line 59.


Package hyperref Warning: Token not allowed in a PDF string (PDFDocEncoding):
(hyperref)                removing `\utf@viii@undeferr' on input line 59.


Package hyperref Warning: Token not allowed in a PDF string (PDFDocEncoding):
(hyperref)                removing `\endgroup' on input line 59.


Package hyperref Warning: Token not allowed in a PDF string (PDFDocEncoding):
(hyperref)                removing `\begingroup' on input line 59.


Package hyperref Warning: Token not allowed in a PDF string (PDFDocEncoding):
(hyperref)                removing `\<let>-command' on input line 59.


Package hyperref Warning: Token not allowed in a PDF string (PDFDocEncoding):
(hyperref)                removing `\utf@viii@undeferr' on input line 59.


Package hyperref Warning: Token not allowed in a PDF string (PDFDocEncoding):
(hyperref)                removing `\endgroup' on input line 59.


Package hyperref Warning: Token not allowed in a PDF string (PDFDocEncoding):
(hyperref)                removing `\begingroup' on input line 59.


Package hyperref Warning: Token not allowed in a PDF string (PDFDocEncoding):
(hyperref)                removing `\<let>-command' on input line 59.


Package hyperref Warning: Token not allowed in a PDF string (PDFDocEncoding):
(hyperref)                removing `\utf@viii@undeferr' on input line 59.


Package hyperref Warning: Token not allowed in a PDF string (PDFDocEncoding):
(hyperref)                removing `\endgroup' on input line 59.


Package hyperref Warning: Token not allowed in a PDF string (PDFDocEncoding):
(hyperref)                removing `\begingroup' on input line 59.


Package hyperref Warning: Token not allowed in a PDF string (PDFDocEncoding):
(hyperref)                removing `\<let>-command' on input line 59.


Package hyperref Warning: Token not allowed in a PDF string (PDFDocEncoding):
(hyperref)                removing `\utf@viii@undeferr' on input line 59.


Package hyperref Warning: Token not allowed in a PDF string (PDFDocEncoding):
(hyperref)                removing `\endgroup' on input line 59.


Package hyperref Warning: Token not allowed in a PDF string (PDFDocEncoding):
(hyperref)                removing `\begingroup' on input line 59.


Package hyperref Warning: Token not allowed in a PDF string (PDFDocEncoding):
(hyperref)                removing `\<let>-command' on input line 59.


Package hyperref Warning: Token not allowed in a PDF string (PDFDocEncoding):
(hyperref)                removing `\utf@viii@undeferr' on input line 59.


Package hyperref Warning: Token not allowed in a PDF string (PDFDocEncoding):
(hyperref)                removing `\endgroup' on input line 59.


Package hyperref Warning: Token not allowed in a PDF string (PDFDocEncoding):
(hyperref)                removing `\begingroup' on input line 59.


Package hyperref Warning: Token not allowed in a PDF string (PDFDocEncoding):
(hyperref)                removing `\<let>-command' on input line 59.


Package hyperref Warning: Token not allowed in a PDF string (PDFDocEncoding):
(hyperref)                removing `\utf@viii@undeferr' on input line 59.


Package hyperref Warning: Token not allowed in a PDF string (PDFDocEncoding):
(hyperref)                removing `\endgroup' on input line 59.


Package hyperref Warning: Token not allowed in a PDF string (PDFDocEncoding):
(hyperref)                removing `\begingroup' on input line 59.


Package hyperref Warning: Token not allowed in a PDF string (PDFDocEncoding):
(hyperref)                removing `\<let>-command' on input line 59.


Package hyperref Warning: Token not allowed in a PDF string (PDFDocEncoding):
(hyperref)                removing `\utf@viii@undeferr' on input line 59.


Package hyperref Warning: Token not allowed in a PDF string (PDFDocEncoding):
(hyperref)                removing `\endgroup' on input line 59.


Package hyperref Warning: Token not allowed in a PDF string (PDFDocEncoding):
(hyperref)                removing `\begingroup' on input line 59.


Package hyperref Warning: Token not allowed in a PDF string (PDFDocEncoding):
(hyperref)                removing `\<let>-command' on input line 59.


Package hyperref Warning: Token not allowed in a PDF string (PDFDocEncoding):
(hyperref)                removing `\utf@viii@undeferr' on input line 59.


Package hyperref Warning: Token not allowed in a PDF string (PDFDocEncoding):
(hyperref)                removing `\endgroup' on input line 59.


Package hyperref Warning: Token not allowed in a PDF string (PDFDocEncoding):
(hyperref)                removing `\begingroup' on input line 59.


Package hyperref Warning: Token not allowed in a PDF string (PDFDocEncoding):
(hyperref)                removing `\<let>-command' on input line 59.


Package hyperref Warning: Token not allowed in a PDF string (PDFDocEncoding):
(hyperref)                removing `\utf@viii@undeferr' on input line 59.


Package hyperref Warning: Token not allowed in a PDF string (PDFDocEncoding):
(hyperref)                removing `\endgroup' on input line 59.


Package hyperref Warning: Token not allowed in a PDF string (PDFDocEncoding):
(hyperref)                removing `\begingroup' on input line 59.


Package hyperref Warning: Token not allowed in a PDF string (PDFDocEncoding):
(hyperref)                removing `\<let>-command' on input line 59.


Package hyperref Warning: Token not allowed in a PDF string (PDFDocEncoding):
(hyperref)                removing `\utf@viii@undeferr' on input line 59.


Package hyperref Warning: Token not allowed in a PDF string (PDFDocEncoding):
(hyperref)                removing `\endgroup' on input line 59.


Package hyperref Warning: Token not allowed in a PDF string (PDFDocEncoding):
(hyperref)                removing `\begingroup' on input line 59.


Package hyperref Warning: Token not allowed in a PDF string (PDFDocEncoding):
(hyperref)                removing `\<let>-command' on input line 59.


Package hyperref Warning: Token not allowed in a PDF string (PDFDocEncoding):
(hyperref)                removing `\utf@viii@undeferr' on input line 59.


Package hyperref Warning: Token not allowed in a PDF string (PDFDocEncoding):
(hyperref)                removing `\endgroup' on input line 59.

(/usr/share/texmf-texlive/tex/latex/ucs/ucsencs.def
File: ucsencs.def 2003/11/29 Fixes to fontencodings LGR, T3

fontencoding LGR patched
)
LaTeX Font Info:    Try loading font information for T1+lmss on input line 59.
 (/usr/share/texmf/tex/latex/lm/t1lmss.fd
File: t1lmss.fd 2009/10/30 v1.6 Font defs for Latin Modern
)
*geometry auto-detecting driver*
*geometry detected driver: pdftex*
-------------------- Geometry parameters
paper: a4paper
landscape: --
twocolumn: --
twoside: --
asymmetric: --
h-parts: 59.74988pt, 0.8\paperwidth , 59.74988pt
v-parts: 67.60269pt, 0.8\paperheight , 101.4041pt
hmarginratio: 1:1
vmarginratio: 2:3
lines: --
heightrounded: --
bindingoffset: 0.0pt
truedimen: --
includehead: --
includefoot: --
includemp: --
driver: pdftex
-------------------- Page layout dimensions and switches
\paperwidth  597.50787pt
\paperheight 845.04684pt
\textwidth  478.00812pt
\textheight 676.04005pt
\oddsidemargin  -12.52011pt
\evensidemargin -12.52011pt
\topmargin  -41.6673pt
\headheight 12.0pt
\headsep    25.0pt
\footskip   30.0pt
\marginparwidth 40.0pt
\marginparsep   5.0pt
\columnsep  10.0pt
\skip\footins  10.0pt plus 4.0pt minus 2.0pt
\hoffset 0.0pt
\voffset 0.0pt
\mag 1000

(1in=72.27pt, 1cm=28.45pt)
-----------------------
(/usr/share/texmf-texlive/tex/latex/ucs/data/uni-3.def
File: uni-3.def 2004/10/17 UCS: Unicode data U+0300..U+03FF
)

Package hyperref Warning: Glyph not defined in PD1 encoding,
(hyperref)                removing `\textEpsilon' on input line 62.


Package hyperref Warning: Glyph not defined in PD1 encoding,
(hyperref)                removing `\textkappa' on input line 62.


Package hyperref Warning: Glyph not defined in PD1 encoding,
(hyperref)                removing `\textpi' on input line 62.


Package hyperref Warning: Glyph not defined in PD1 encoding,
(hyperref)                removing `\textalpha' on input line 62.


Package hyperref Warning: Composite letter `\textacute+\textiota'
(hyperref)                not defined in PD1 encoding,
(hyperref)                removing `\textacute' on input line 62.


Package hyperref Warning: Glyph not defined in PD1 encoding,
(hyperref)                removing `\textiota' on input line 62.


Package hyperref Warning: Glyph not defined in PD1 encoding,
(hyperref)                removing `\textdelta' on input line 62.


Package hyperref Warning: Glyph not defined in PD1 encoding,
(hyperref)                removing `\textepsilon' on input line 62.


Package hyperref Warning: Glyph not defined in PD1 encoding,
(hyperref)                removing `\textupsilon' on input line 62.


Package hyperref Warning: Glyph not defined in PD1 encoding,
(hyperref)                removing `\textsigma' on input line 62.


Package hyperref Warning: Glyph not defined in PD1 encoding,
(hyperref)                removing `\texteta' on input line 62.

LaTeX Font Info:    Try loading font information for OT1+lmr on input line 62.
(/usr/share/texmf/tex/latex/lm/ot1lmr.fd
File: ot1lmr.fd 2009/10/30 v1.6 Font defs for Latin Modern
)
LaTeX Font Info:    Try loading font information for OML+lmm on input line 62.

(/usr/share/texmf/tex/latex/lm/omllmm.fd
File: omllmm.fd 2009/10/30 v1.6 Font defs for Latin Modern
)
LaTeX Font Info:    Try loading font information for OMS+lmsy on input line 62.


(/usr/share/texmf/tex/latex/lm/omslmsy.fd
File: omslmsy.fd 2009/10/30 v1.6 Font defs for Latin Modern
)
LaTeX Font Info:    Try loading font information for OMX+lmex on input line 62.


(/usr/share/texmf/tex/latex/lm/omxlmex.fd
File: omxlmex.fd 2009/10/30 v1.6 Font defs for Latin Modern
)
LaTeX Font Info:    External font `lmex10' loaded for size
(Font)              <10.95> on input line 62.
LaTeX Font Info:    External font `lmex10' loaded for size
(Font)              <8> on input line 62.
LaTeX Font Info:    External font `lmex10' loaded for size
(Font)              <6> on input line 62.

Underfull \hbox (badness 10000) in paragraph at lines 62--66

 []


Package hyperref Warning: Glyph not defined in PD1 encoding,
(hyperref)                removing `\textTau' on input line 70.


Package hyperref Warning: Glyph not defined in PD1 encoding,
(hyperref)                removing `\textrho' on input line 70.


Package hyperref Warning: Composite letter `\textacute+\textepsilon'
(hyperref)                not defined in PD1 encoding,
(hyperref)                removing `\textacute' on input line 70.


Package hyperref Warning: Glyph not defined in PD1 encoding,
(hyperref)                removing `\textepsilon' on input line 70.


Package hyperref Warning: Glyph not defined in PD1 encoding,
(hyperref)                removing `\textchi' on input line 70.


Package hyperref Warning: Glyph not defined in PD1 encoding,
(hyperref)                removing `\textomicron' on input line 70.


Package hyperref Warning: Glyph not defined in PD1 encoding,
(hyperref)                removing `\textupsilon' on input line 70.


Package hyperref Warning: Glyph not defined in PD1 encoding,
(hyperref)                removing `\textsigma' on input line 70.


Package hyperref Warning: Glyph not defined in PD1 encoding,
(hyperref)                removing `\textepsilon' on input line 70.


Package hyperref Warning: Glyph not defined in PD1 encoding,
(hyperref)                removing `\textvarsigma' on input line 70.


Package hyperref Warning: Glyph not defined in PD1 encoding,
(hyperref)                removing `\textSigma' on input line 70.


Package hyperref Warning: Glyph not defined in PD1 encoding,
(hyperref)                removing `\textpi' on input line 70.


Package hyperref Warning: Glyph not defined in PD1 encoding,
(hyperref)                removing `\textomicron' on input line 70.


Package hyperref Warning: Glyph not defined in PD1 encoding,
(hyperref)                removing `\textupsilon' on input line 70.


Package hyperref Warning: Glyph not defined in PD1 encoding,
(hyperref)                removing `\textdelta' on input line 70.


Package hyperref Warning: Composite letter `\textacute+\textepsilon'
(hyperref)                not defined in PD1 encoding,
(hyperref)                removing `\textacute' on input line 70.


Package hyperref Warning: Glyph not defined in PD1 encoding,
(hyperref)                removing `\textepsilon' on input line 70.


Package hyperref Warning: Glyph not defined in PD1 encoding,
(hyperref)                removing `\textvarsigma' on input line 70.


Underfull \hbox (badness 10000) in paragraph at lines 70--72

 []


Package hyperref Warning: Glyph not defined in PD1 encoding,
(hyperref)                removing `\textXi' on input line 74.


Package hyperref Warning: Composite letter `\textacute+\textepsilon'
(hyperref)                not defined in PD1 encoding,
(hyperref)                removing `\textacute' on input line 74.


Package hyperref Warning: Glyph not defined in PD1 encoding,
(hyperref)                removing `\textepsilon' on input line 74.


Package hyperref Warning: Glyph not defined in PD1 encoding,
(hyperref)                removing `\textnu' on input line 74.


Package hyperref Warning: Glyph not defined in PD1 encoding,
(hyperref)                removing `\textepsilon' on input line 74.


Package hyperref Warning: Glyph not defined in PD1 encoding,
(hyperref)                removing `\textvarsigma' on input line 74.


Package hyperref Warning: Glyph not defined in PD1 encoding,
(hyperref)                removing `\textGamma' on input line 74.


Package hyperref Warning: Glyph not defined in PD1 encoding,
(hyperref)                removing `\textlambda' on input line 74.


Package hyperref Warning: Composite letter `\textacute+\textomega'
(hyperref)                not defined in PD1 encoding,
(hyperref)                removing `\textacute' on input line 74.


Package hyperref Warning: Glyph not defined in PD1 encoding,
(hyperref)                removing `\textomega' on input line 74.


Package hyperref Warning: Glyph not defined in PD1 encoding,
(hyperref)                removing `\textsigma' on input line 74.


Package hyperref Warning: Glyph not defined in PD1 encoding,
(hyperref)                removing `\textsigma' on input line 74.


Package hyperref Warning: Glyph not defined in PD1 encoding,
(hyperref)                removing `\textepsilon' on input line 74.


Package hyperref Warning: Glyph not defined in PD1 encoding,
(hyperref)                removing `\textvarsigma' on input line 74.

LaTeX Font Info:    Font shape `T1/lmss/m/it' in size <9> not available
(Font)              Font shape `T1/lmss/m/sl' tried instead on input line 76.

Underfull \hbox (badness 10000) in paragraph at lines 74--78

 []


Underfull \hbox (badness 10000) in paragraph at lines 81--89

 []


Underfull \hbox (badness 10000) in paragraph at lines 81--89

 []

LaTeX Font Info:    Try loading font information for U+mvs on input line 90.
(/usr/share/texmf-texlive/tex/latex/marvosym/umvs.fd)
LaTeX Font Info:    Try loading font information for OMS+lmss on input line 90.

LaTeX Font Info:    No file OMSlmss.fd. on input line 90.


LaTeX Font Warning: Font shape `OMS/lmss/m/sl' undefined
(Font)              using `OMS/cmsy/m/n' instead
(Font)              for symbol `textbullet' on input line 90.

[1

{/var/lib/texmf/fonts/map/pdftex/updmap/pdftex.map}]

Package hyperref Warning: Token not allowed in a PDF string (PDFDocEncoding):
(hyperref)                removing `\<def>-command' on input line 91.


Package hyperref Warning: Token not allowed in a PDF string (PDFDocEncoding):
(hyperref)                removing `\f@encoding' on input line 91.


Package hyperref Warning: Token not allowed in a PDF string (PDFDocEncoding):
(hyperref)                removing `\<let>-command' on input line 91.


Package hyperref Warning: Token not allowed in a PDF string (PDFDocEncoding):
(hyperref)                removing `\<def>-command' on input line 91.


Package hyperref Warning: Token not allowed in a PDF string (PDFDocEncoding):
(hyperref)                removing `\font@name' on input line 91.


Package hyperref Warning: Token not allowed in a PDF string (PDFDocEncoding):
(hyperref)                removing `\LGR/lmss/m/sl/9' on input line 91.


Package hyperref Warning: Token not allowed in a PDF string (PDFDocEncoding):
(hyperref)                removing `\<def>-command' on input line 91.


Package hyperref Warning: Token not allowed in a PDF string (PDFDocEncoding):
(hyperref)                removing `\encodingdefault' on input line 91.


Package hyperref Warning: Glyph not defined in PD1 encoding,
(hyperref)                removing `\textEpsilon' on input line 91.


Package hyperref Warning: Glyph not defined in PD1 encoding,
(hyperref)                removing `\textpi' on input line 91.


Package hyperref Warning: Glyph not defined in PD1 encoding,
(hyperref)                removing `\textepsilon' on input line 91.


Package hyperref Warning: Glyph not defined in PD1 encoding,
(hyperref)                removing `\textiota' on input line 91.


Package hyperref Warning: Glyph not defined in PD1 encoding,
(hyperref)                removing `\textrho' on input line 91.


Package hyperref Warning: Composite letter `\textacute+\textiota'
(hyperref)                not defined in PD1 encoding,
(hyperref)                removing `\textacute' on input line 91.


Package hyperref Warning: Glyph not defined in PD1 encoding,
(hyperref)                removing `\textiota' on input line 91.


Package hyperref Warning: Glyph not defined in PD1 encoding,
(hyperref)                removing `\textalpha' on input line 91.


Underfull \hbox (badness 10000) in paragraph at lines 99--99
[]\LGR/lmss/m/n/10 Ereunhtik prgram-ma \T1/lmss/m/n/10 TRA-MAN21 (Traf-fic Ma
-na-ge-ment in the 21st Cen-
 []


Underfull \hbox (badness 10000) in paragraph at lines 91--100

 []


Underfull \hbox (badness 10000) in paragraph at lines 91--100

 []


Underfull \hbox (badness 10000) in paragraph at lines 91--100

 []


Underfull \hbox (badness 10000) in paragraph at lines 91--100

 []


Underfull \hbox (badness 10000) in paragraph at lines 91--100

 []


Underfull \hbox (badness 10000) in paragraph at lines 91--100

 []


Underfull \hbox (badness 10000) in paragraph at lines 91--100

 []


Underfull \hbox (badness 10000) in paragraph at lines 91--100

 []


Package hyperref Warning: Token not allowed in a PDF string (PDFDocEncoding):
(hyperref)                removing `\<def>-command' on input line 103.


Package hyperref Warning: Token not allowed in a PDF string (PDFDocEncoding):
(hyperref)                removing `\f@encoding' on input line 103.


Package hyperref Warning: Token not allowed in a PDF string (PDFDocEncoding):
(hyperref)                removing `\<let>-command' on input line 103.


Package hyperref Warning: Token not allowed in a PDF string (PDFDocEncoding):
(hyperref)                removing `\<def>-command' on input line 103.


Package hyperref Warning: Token not allowed in a PDF string (PDFDocEncoding):
(hyperref)                removing `\font@name' on input line 103.


Package hyperref Warning: Token not allowed in a PDF string (PDFDocEncoding):
(hyperref)                removing `\T1/lmss/m/n/10' on input line 103.


Package hyperref Warning: Token not allowed in a PDF string (PDFDocEncoding):
(hyperref)                removing `\<def>-command' on input line 103.


Package hyperref Warning: Token not allowed in a PDF string (PDFDocEncoding):
(hyperref)                removing `\encodingdefault' on input line 103.


Package hyperref Warning: Glyph not defined in PD1 encoding,
(hyperref)                removing `\textEpsilon' on input line 103.


Package hyperref Warning: Glyph not defined in PD1 encoding,
(hyperref)                removing `\textrho' on input line 103.


Package hyperref Warning: Glyph not defined in PD1 encoding,
(hyperref)                removing `\textgamma' on input line 103.


Package hyperref Warning: Glyph not defined in PD1 encoding,
(hyperref)                removing `\textalpha' on input line 103.


Package hyperref Warning: Glyph not defined in PD1 encoding,
(hyperref)                removing `\textsigma' on input line 103.


Package hyperref Warning: Composite letter `\textacute+\textiota'
(hyperref)                not defined in PD1 encoding,
(hyperref)                removing `\textacute' on input line 103.


Package hyperref Warning: Glyph not defined in PD1 encoding,
(hyperref)                removing `\textiota' on input line 103.


Package hyperref Warning: Glyph not defined in PD1 encoding,
(hyperref)                removing `\textepsilon' on input line 103.


Package hyperref Warning: Glyph not defined in PD1 encoding,
(hyperref)                removing `\textvarsigma' on input line 103.


Underfull \hbox (badness 10000) in paragraph at lines 103--109

 []


Underfull \hbox (badness 10000) in paragraph at lines 103--109

 []


Underfull \hbox (badness 10000) in paragraph at lines 103--109

 []

[2]

Package hyperref Warning: Glyph not defined in PD1 encoding,
(hyperref)                removing `\textDelta' on input line 112.


Package hyperref Warning: Glyph not defined in PD1 encoding,
(hyperref)                removing `\textiota' on input line 112.


Package hyperref Warning: Glyph not defined in PD1 encoding,
(hyperref)                removing `\textalpha' on input line 112.


Package hyperref Warning: Glyph not defined in PD1 encoding,
(hyperref)                removing `\texttau' on input line 112.


Package hyperref Warning: Glyph not defined in PD1 encoding,
(hyperref)                removing `\textrho' on input line 112.


Package hyperref Warning: Glyph not defined in PD1 encoding,
(hyperref)                removing `\textiota' on input line 112.


Package hyperref Warning: Composite letter `\textacute+\textepsilon'
(hyperref)                not defined in PD1 encoding,
(hyperref)                removing `\textacute' on input line 112.


Package hyperref Warning: Glyph not defined in PD1 encoding,
(hyperref)                removing `\textepsilon' on input line 112.


Package hyperref Warning: Glyph not defined in PD1 encoding,
(hyperref)                removing `\textvarsigma' on input line 112.


Underfull \hbox (badness 10000) in paragraph at lines 112--121

 []


Underfull \hbox (badness 10000) in paragraph at lines 130--131

 []


Package hyperref Warning: Composite letter `\textacute+\textAlpha'
(hyperref)                not defined in PD1 encoding,
(hyperref)                removing `\textacute' on input line 133.


Package hyperref Warning: Glyph not defined in PD1 encoding,
(hyperref)                removing `\textAlpha' on input line 133.


Package hyperref Warning: Glyph not defined in PD1 encoding,
(hyperref)                removing `\textrho' on input line 133.


Package hyperref Warning: Glyph not defined in PD1 encoding,
(hyperref)                removing `\texttheta' on input line 133.


Package hyperref Warning: Glyph not defined in PD1 encoding,
(hyperref)                removing `\textrho' on input line 133.


Package hyperref Warning: Glyph not defined in PD1 encoding,
(hyperref)                removing `\textalpha' on input line 133.


Package hyperref Warning: Glyph not defined in PD1 encoding,
(hyperref)                removing `\textpi' on input line 133.


Package hyperref Warning: Glyph not defined in PD1 encoding,
(hyperref)                removing `\textrho' on input line 133.


Package hyperref Warning: Glyph not defined in PD1 encoding,
(hyperref)                removing `\textomicron' on input line 133.


Package hyperref Warning: Glyph not defined in PD1 encoding,
(hyperref)                removing `\textvarsigma' on input line 133.


Package hyperref Warning: Glyph not defined in PD1 encoding,
(hyperref)                removing `\textdelta' on input line 133.


Package hyperref Warning: Glyph not defined in PD1 encoding,
(hyperref)                removing `\texteta' on input line 133.


Package hyperref Warning: Glyph not defined in PD1 encoding,
(hyperref)                removing `\textomicron' on input line 133.


Package hyperref Warning: Glyph not defined in PD1 encoding,
(hyperref)                removing `\textsigma' on input line 133.


Package hyperref Warning: Composite letter `\textacute+\textiota'
(hyperref)                not defined in PD1 encoding,
(hyperref)                removing `\textacute' on input line 133.


Package hyperref Warning: Glyph not defined in PD1 encoding,
(hyperref)                removing `\textiota' on input line 133.


Package hyperref Warning: Glyph not defined in PD1 encoding,
(hyperref)                removing `\textepsilon' on input line 133.


Package hyperref Warning: Glyph not defined in PD1 encoding,
(hyperref)                removing `\textupsilon' on input line 133.


Package hyperref Warning: Glyph not defined in PD1 encoding,
(hyperref)                removing `\textsigma' on input line 133.


Package hyperref Warning: Glyph not defined in PD1 encoding,
(hyperref)                removing `\texteta' on input line 133.


Underfull \hbox (badness 10000) in paragraph at lines 133--136

 []


Underfull \hbox (badness 10000) in paragraph at lines 133--136

 []


Underfull \hbox (badness 10000) in paragraph at lines 133--136

 []


Underfull \hbox (badness 10000) in paragraph at lines 133--136

 []

[3]

Package hyperref Warning: Glyph not defined in PD1 encoding,
(hyperref)                removing `\textEpsilon' on input line 138.


Package hyperref Warning: Glyph not defined in PD1 encoding,
(hyperref)                removing `\textrho' on input line 138.


Package hyperref Warning: Glyph not defined in PD1 encoding,
(hyperref)                removing `\textepsilon' on input line 138.


Package hyperref Warning: Glyph not defined in PD1 encoding,
(hyperref)                removing `\textupsilon' on input line 138.


Package hyperref Warning: Glyph not defined in PD1 encoding,
(hyperref)                removing `\textnu' on input line 138.


Package hyperref Warning: Glyph not defined in PD1 encoding,
(hyperref)                removing `\texteta' on input line 138.


Package hyperref Warning: Glyph not defined in PD1 encoding,
(hyperref)                removing `\texttau' on input line 138.


Package hyperref Warning: Glyph not defined in PD1 encoding,
(hyperref)                removing `\textiota' on input line 138.


Package hyperref Warning: Glyph not defined in PD1 encoding,
(hyperref)                removing `\textkappa' on input line 138.


Package hyperref Warning: Composite letter `\textacute+\textalpha'
(hyperref)                not defined in PD1 encoding,
(hyperref)                removing `\textacute' on input line 138.


Package hyperref Warning: Glyph not defined in PD1 encoding,
(hyperref)                removing `\textalpha' on input line 138.


Package hyperref Warning: Glyph not defined in PD1 encoding,
(hyperref)                removing `\textEpsilon' on input line 138.


Package hyperref Warning: Glyph not defined in PD1 encoding,
(hyperref)                removing `\textnu' on input line 138.


Package hyperref Warning: Glyph not defined in PD1 encoding,
(hyperref)                removing `\textdelta' on input line 138.


Package hyperref Warning: Glyph not defined in PD1 encoding,
(hyperref)                removing `\textiota' on input line 138.


Package hyperref Warning: Glyph not defined in PD1 encoding,
(hyperref)                removing `\textalpha' on input line 138.


Package hyperref Warning: Glyph not defined in PD1 encoding,
(hyperref)                removing `\textphi' on input line 138.


Package hyperref Warning: Composite letter `\textacute+\textepsilon'
(hyperref)                not defined in PD1 encoding,
(hyperref)                removing `\textacute' on input line 138.


Package hyperref Warning: Glyph not defined in PD1 encoding,
(hyperref)                removing `\textepsilon' on input line 138.


Package hyperref Warning: Glyph not defined in PD1 encoding,
(hyperref)                removing `\textrho' on input line 138.


Package hyperref Warning: Glyph not defined in PD1 encoding,
(hyperref)                removing `\textomicron' on input line 138.


Package hyperref Warning: Glyph not defined in PD1 encoding,
(hyperref)                removing `\textnu' on input line 138.


Package hyperref Warning: Glyph not defined in PD1 encoding,
(hyperref)                removing `\texttau' on input line 138.


Package hyperref Warning: Glyph not defined in PD1 encoding,
(hyperref)                removing `\textalpha' on input line 138.


Underfull \hbox (badness 10000) in paragraph at lines 138--141

 []


Package hyperref Warning: Glyph not defined in PD1 encoding,
(hyperref)                removing `\textGamma' on input line 152.


Package hyperref Warning: Glyph not defined in PD1 encoding,
(hyperref)                removing `\textepsilon' on input line 152.


Package hyperref Warning: Glyph not defined in PD1 encoding,
(hyperref)                removing `\textnu' on input line 152.


Package hyperref Warning: Glyph not defined in PD1 encoding,
(hyperref)                removing `\textiota' on input line 152.


Package hyperref Warning: Glyph not defined in PD1 encoding,
(hyperref)                removing `\textkappa' on input line 152.


Package hyperref Warning: Composite letter `\textacute+\textalpha'
(hyperref)                not defined in PD1 encoding,
(hyperref)                removing `\textacute' on input line 152.


Package hyperref Warning: Glyph not defined in PD1 encoding,
(hyperref)                removing `\textalpha' on input line 152.


Package hyperref Warning: Glyph not defined in PD1 encoding,
(hyperref)                removing `\textEpsilon' on input line 152.


Package hyperref Warning: Glyph not defined in PD1 encoding,
(hyperref)                removing `\textnu' on input line 152.


Package hyperref Warning: Glyph not defined in PD1 encoding,
(hyperref)                removing `\textdelta' on input line 152.


Package hyperref Warning: Glyph not defined in PD1 encoding,
(hyperref)                removing `\textiota' on input line 152.


Package hyperref Warning: Glyph not defined in PD1 encoding,
(hyperref)                removing `\textalpha' on input line 152.


Package hyperref Warning: Glyph not defined in PD1 encoding,
(hyperref)                removing `\textphi' on input line 152.


Package hyperref Warning: Composite letter `\textacute+\textepsilon'
(hyperref)                not defined in PD1 encoding,
(hyperref)                removing `\textacute' on input line 152.


Package hyperref Warning: Glyph not defined in PD1 encoding,
(hyperref)                removing `\textepsilon' on input line 152.


Package hyperref Warning: Glyph not defined in PD1 encoding,
(hyperref)                removing `\textrho' on input line 152.


Package hyperref Warning: Glyph not defined in PD1 encoding,
(hyperref)                removing `\textomicron' on input line 152.


Package hyperref Warning: Glyph not defined in PD1 encoding,
(hyperref)                removing `\textnu' on input line 152.


Package hyperref Warning: Glyph not defined in PD1 encoding,
(hyperref)                removing `\texttau' on input line 152.


Package hyperref Warning: Glyph not defined in PD1 encoding,
(hyperref)                removing `\textalpha' on input line 152.


Underfull \hbox (badness 10000) in paragraph at lines 152--157

 []


Package hyperref Warning: Glyph not defined in PD1 encoding,
(hyperref)                removing `\textPi' on input line 158.


Package hyperref Warning: Glyph not defined in PD1 encoding,
(hyperref)                removing `\textrho' on input line 158.


Package hyperref Warning: Glyph not defined in PD1 encoding,
(hyperref)                removing `\textomicron' on input line 158.


Package hyperref Warning: Glyph not defined in PD1 encoding,
(hyperref)                removing `\textsigma' on input line 158.


Package hyperref Warning: Glyph not defined in PD1 encoding,
(hyperref)                removing `\textomega' on input line 158.


Package hyperref Warning: Glyph not defined in PD1 encoding,
(hyperref)                removing `\textpi' on input line 158.


Package hyperref Warning: Glyph not defined in PD1 encoding,
(hyperref)                removing `\textiota' on input line 158.


Package hyperref Warning: Glyph not defined in PD1 encoding,
(hyperref)                removing `\textkappa' on input line 158.


Package hyperref Warning: Composite letter `\textacute+\textepsilon'
(hyperref)                not defined in PD1 encoding,
(hyperref)                removing `\textacute' on input line 158.


Package hyperref Warning: Glyph not defined in PD1 encoding,
(hyperref)                removing `\textepsilon' on input line 158.


Package hyperref Warning: Glyph not defined in PD1 encoding,
(hyperref)                removing `\textvarsigma' on input line 158.


Package hyperref Warning: Glyph not defined in PD1 encoding,
(hyperref)                removing `\textPi' on input line 158.


Package hyperref Warning: Glyph not defined in PD1 encoding,
(hyperref)                removing `\textlambda' on input line 158.


Package hyperref Warning: Glyph not defined in PD1 encoding,
(hyperref)                removing `\texteta' on input line 158.


Package hyperref Warning: Glyph not defined in PD1 encoding,
(hyperref)                removing `\textrho' on input line 158.


Package hyperref Warning: Glyph not defined in PD1 encoding,
(hyperref)                removing `\textomicron' on input line 158.


Package hyperref Warning: Glyph not defined in PD1 encoding,
(hyperref)                removing `\textphi' on input line 158.


Package hyperref Warning: Glyph not defined in PD1 encoding,
(hyperref)                removing `\textomicron' on input line 158.


Package hyperref Warning: Glyph not defined in PD1 encoding,
(hyperref)                removing `\textrho' on input line 158.


Package hyperref Warning: Composite letter `\textacute+\textiota'
(hyperref)                not defined in PD1 encoding,
(hyperref)                removing `\textacute' on input line 158.


Package hyperref Warning: Glyph not defined in PD1 encoding,
(hyperref)                removing `\textiota' on input line 158.


Package hyperref Warning: Glyph not defined in PD1 encoding,
(hyperref)                removing `\textepsilon' on input line 158.


Package hyperref Warning: Glyph not defined in PD1 encoding,
(hyperref)                removing `\textvarsigma' on input line 158.


Underfull \hbox (badness 10000) in paragraph at lines 158--162

 []


Underfull \hbox (badness 10000) in paragraph at lines 158--162

 []


Underfull \hbox (badness 10000) in paragraph at lines 158--162

 []


Underfull \hbox (badness 10000) in paragraph at lines 158--162

 []

[4] (./GeorgiaVlachou.aux)

LaTeX Font Warning: Some font shapes were not available, defaults substituted.

 ) 
Here is how much of TeX's memory you used:
 6945 strings out of 494985
 103574 string characters out of 1181035
 183988 words of memory out of 3000000
 9949 multiletter control sequences out of 15000+50000
 46287 words of font info for 49 fonts, out of 3000000 for 9000
 73 hyphenation exceptions out of 8191
 45i,11n,45p,558b,371s stack positions out of 5000i,500n,10000p,200000b,50000s
{/usr/share/texmf/fonts/enc/dvips/lm/lm-ec.enc}</usr/share/texmf-texlive/font
s/type1/public/amsfonts/cm/cmsy10.pfb></usr/share/texmf-texlive/fonts/type1/pub
lic/cbfonts/gsmi0900.pfb></usr/share/texmf-texlive/fonts/type1/public/cbfonts/g
smi1000.pfb></usr/share/texmf-texlive/fonts/type1/public/cbfonts/gsmn1000.pfb><
/usr/share/texmf-texlive/fonts/type1/public/cbfonts/gsmn1200.pfb></usr/share/te
xmf-texlive/fonts/type1/public/cbfonts/gsmn1728.pfb></usr/share/texmf-texlive/f
onts/type1/public/cbfonts/gsmo0900.pfb></usr/share/texmf-texlive/fonts/type1/pu
blic/cbfonts/gsmo1000.pfb></usr/share/texmf-texlive/fonts/type1/public/cbfonts/
gsxn1000.pfb></usr/share/texmf/fonts/type1/public/lm/lmss10.pfb></usr/share/tex
mf/fonts/type1/public/lm/lmss12.pfb></usr/share/texmf/fonts/type1/public/lm/lms
sbx10.pfb></usr/share/texmf/fonts/type1/public/lm/lmsso10.pfb></usr/share/texmf
/fonts/type1/public/lm/lmsso9.pfb></usr/share/texmf-texlive/fonts/type1/public/
marvosym/marvosym.pfb>
Output written on GeorgiaVlachou.pdf (4 pages, 261754 bytes).
PDF statistics:
 140 PDF objects out of 1000 (max. 8388607)
 16 named destinations out of 1000 (max. 500000)
 89 words of extra memory for PDF output out of 10000 (max. 10000000)

